#
# There is insufficient memory for the Java Runtime Environment to continue.
# Native memory allocation (malloc) failed to allocate 1048576 bytes for AllocateHeap
# Possible reasons:
#   The system is out of physical RAM or swap space
#   In 32 bit mode, the process size limit was hit
# Possible solutions:
#   Reduce memory load on the system
#   Increase physical memory or swap space
#   Check if swap backing store is full
#   Use 64 bit Java on a 64 bit OS
#   Decrease Java heap size (-Xmx/-Xms)
#   Decrease number of Java threads
#   Decrease Java thread stack sizes (-Xss)
#   Set larger code cache with -XX:ReservedCodeCacheSize=
# This output file may be truncated or incomplete.
#
#  Out of Memory Error (memory/allocation.inline.hpp:61), pid=14788, tid=0x0000000000003ab0
#
# JRE version:  (8.0_92-b14) (build )
# Java VM: Java HotSpot(TM) 64-Bit Server VM (25.92-b14 mixed mode windows-amd64 compressed oops)
# Failed to write core dump. Minidumps are not enabled by default on client versions of Windows
#

---------------  T H R E A D  ---------------

Current thread (0x00000000030f0800):  JavaThread "Unknown thread" [_thread_in_vm, id=15024, stack(0x0000000002ff0000,0x00000000030f0000)]

Stack: [0x0000000002ff0000,0x00000000030f0000]
[error occurred during error reporting (printing stack bounds), id 0xc0000005]

Native frames: (J=compiled Java code, j=interpreted, Vv=VM code, C=native code)


---------------  P R O C E S S  ---------------

Java Threads: ( => current thread )

Other Threads:

=>0x00000000030f0800 (exited) JavaThread "Unknown thread" [_thread_in_vm, id=15024, stack(0x0000000002ff0000,0x00000000030f0000)]

VM state:not at safepoint (normal execution)

VM Mutex/Monitor currently owned by a thread: None

Heap:
 PSYoungGen      total 57344K, used 983K [0x00000000eab00000, 0x00000000eeb00000, 0x0000000100000000)
  eden space 49152K, 2% used [0x00000000eab00000,0x00000000eabf5c38,0x00000000edb00000)
  from space 8192K, 0% used [0x00000000ee300000,0x00000000ee300000,0x00000000eeb00000)
  to   space 8192K, 0% used [0x00000000edb00000,0x00000000edb00000,0x00000000ee300000)
 ParOldGen       total 131072K, used 0K [0x00000000c0000000, 0x00000000c8000000, 0x00000000eab00000)
  object space 131072K, 0% used [0x00000000c0000000,0x00000000c0000000,0x00000000c8000000)
 Metaspace       used 769K, capacity 4480K, committed 4480K, reserved 1056768K
  class space    used 75K, capacity 384K, committed 384K, reserved 1048576K

Card table byte_map: [0x00000000125b0000,0x00000000127c0000] byte_map_base: 0x0000000011fb0000

Marking Bits: (ParMarkBitMap*) 0x0000000067b264f0
 Begin Bits: [0x0000000013120000, 0x0000000014120000)
 End Bits:   [0x0000000014120000, 0x0000000015120000)

Polling page: 0x0000000002f10000

CodeCache: size=245760Kb used=327Kb max_used=327Kb free=245432Kb
 bounds [0x00000000031f0000, 0x0000000003460000, 0x00000000121f0000]
 total_blobs=57 nmethods=0 adapters=38
 compilation: enabled

Compilation events (0 events):
No events

GC Heap History (0 events):
No events

Deoptimization events (0 events):
No events

Internal exceptions (0 events):
No events

Events (10 events):
Event: 0.096 loading class java/lang/Short
Event: 0.096 loading class java/lang/Short done
Event: 0.096 loading class java/lang/Integer
Event: 0.096 loading class java/lang/Integer done
Event: 0.096 loading class java/lang/Long
Event: 0.096 loading class java/lang/Long done
Event: 0.097 loading class java/lang/NullPointerException
Event: 0.097 loading class java/lang/NullPointerException done
Event: 0.097 loading class java/lang/ArithmeticException
Event: 0.097 loading class java/lang/ArithmeticException done


Dynamic libraries:
0x00007ff7f3430000 - 0x00007ff7f3467000 	C:\Program Files\Java\jdk1.8.0_92\bin\java.exe
0x00007ffe9db30000 - 0x00007ffe9dd01000 	C:\WINDOWS\SYSTEM32\ntdll.dll
0x00007ffe9b420000 - 0x00007ffe9b4cb000 	C:\WINDOWS\System32\KERNEL32.DLL
0x00007ffe9acc0000 - 0x00007ffe9aedd000 	C:\WINDOWS\System32\KERNELBASE.dll
0x00007ffe9b9b0000 - 0x00007ffe9ba52000 	C:\WINDOWS\System32\ADVAPI32.dll
0x00007ffe9b4d0000 - 0x00007ffe9b56e000 	C:\WINDOWS\System32\msvcrt.dll
0x00007ffe9d690000 - 0x00007ffe9d6e9000 	C:\WINDOWS\System32\sechost.dll
0x00007ffe9bc10000 - 0x00007ffe9bd31000 	C:\WINDOWS\System32\RPCRT4.dll
0x00007ffe9ba60000 - 0x00007ffe9bbc5000 	C:\WINDOWS\System32\USER32.dll
0x00007ffe9a020000 - 0x00007ffe9a03e000 	C:\WINDOWS\System32\win32u.dll
0x00007ffe9bbd0000 - 0x00007ffe9bc04000 	C:\WINDOWS\System32\GDI32.dll
0x00007ffe9af30000 - 0x00007ffe9b0b2000 	C:\WINDOWS\System32\gdi32full.dll
0x00007ffe93c10000 - 0x00007ffe93e89000 	C:\WINDOWS\WinSxS\amd64_microsoft.windows.common-controls_6595b64144ccf1df_6.0.14393.0_none_2d0f50fcbdb171b8\COMCTL32.dll
0x00007ffe9b570000 - 0x00007ffe9b837000 	C:\WINDOWS\System32\combase.dll
0x00007ffe9ab10000 - 0x00007ffe9ac05000 	C:\WINDOWS\System32\ucrtbase.dll
0x00007ffe9a0f0000 - 0x00007ffe9a15a000 	C:\WINDOWS\System32\bcryptPrimitives.dll
0x00007ffe9bd40000 - 0x00007ffe9bd6e000 	C:\WINDOWS\System32\IMM32.DLL
0x0000000067bb0000 - 0x0000000067c82000 	C:\Program Files\Java\jdk1.8.0_92\jre\bin\msvcr100.dll
0x0000000067310000 - 0x0000000067ba6000 	C:\Program Files\Java\jdk1.8.0_92\jre\bin\server\jvm.dll
0x00007ffe9d6f0000 - 0x00007ffe9d6f8000 	C:\WINDOWS\System32\PSAPI.DLL
0x00007ffe97d20000 - 0x00007ffe97d43000 	C:\WINDOWS\SYSTEM32\WINMM.dll
0x00007ffe891d0000 - 0x00007ffe891d9000 	C:\WINDOWS\SYSTEM32\WSOCK32.dll
0x00007ffe9b260000 - 0x00007ffe9b2ca000 	C:\WINDOWS\System32\WS2_32.dll
0x00007ffe953e0000 - 0x00007ffe953ea000 	C:\WINDOWS\SYSTEM32\VERSION.dll
0x00007ffe97cc0000 - 0x00007ffe97ceb000 	C:\WINDOWS\SYSTEM32\WINMMBASE.dll
0x00007ffe9aee0000 - 0x00007ffe9af22000 	C:\WINDOWS\System32\cfgmgr32.dll
0x0000000068d20000 - 0x0000000068d2f000 	C:\Program Files\Java\jdk1.8.0_92\jre\bin\verify.dll
0x0000000068cf0000 - 0x0000000068d19000 	C:\Program Files\Java\jdk1.8.0_92\jre\bin\java.dll
0x0000000068c90000 - 0x0000000068ca6000 	C:\Program Files\Java\jdk1.8.0_92\jre\bin\zip.dll

VM Arguments:
jvm_args: -Djava.awt.headless=true -Xmx1024M -Dfile.encoding=windows-1252 -Duser.country=US -Duser.language=en -Duser.variant 
java_command: com.android.dx.command.Main --dex --force-jumbo --multi-dex --output D:\Android\Projects\Udacity\JustJava\app\build\intermediates\transforms\dex\debug\folders\1000\5\slice_1 D:\Android\Projects\Udacity\JustJava\app\build\intermediates\transforms\instantRunSlicer\debug\folders\1\5\slice_1
java_class_path (initial): C:\Users\joshb\AppData\Local\Android\Sdk\build-tools\22.0.1\lib\dx.jar
Launcher Type: SUN_STANDARD

Environment Variables:
JAVA_HOME=C:\Program Files\Java\jdk1.8.0_92
PATH=C:\ProgramData\Oracle\Java\javapath;C:\Windows\system32;C:\Windows;C:\Windows\System32\Wbem;C:\Windows\System32\WindowsPowerShell\v1.0\;C:\Program Files (x86)\NVIDIA Corporation\PhysX\Common;C:\Program Files\Java\jdk1.8.0_92\bin;C:\Program Files\OpenVPN\bin;C:\Program Files (x86)\QuickTime\QTSystem\;C:\Program Files\Git\cmd;D:\Computer Stuff\Other Program Setups\Sublime Text\Sublime Text Build 3114 x64 Portable;%SystemRoot%\system32;%SystemRoot%;%SystemRoot%\System32\Wbem;%SYSTEMROOT%\System32\WindowsPowerShell\v1.0\;C:\Program Files (x86)\PDFtk Server\bin\;C:\Users\joshb\AppData\Local\Microsoft\WindowsApps;
USERNAME=joshb
OS=Windows_NT
PROCESSOR_IDENTIFIER=AMD64 Family 21 Model 2 Stepping 0, AuthenticAMD



---------------  S Y S T E M  ---------------

OS: Windows 10.0 , 64 bit Build 14393 (10.0.14393.0)

CPU:total 8 (8 cores per cpu, 1 threads per core) family 21 model 2 stepping 0, cmov, cx8, fxsr, mmx, sse, sse2, sse3, ssse3, sse4.1, sse4.2, popcnt, avx, aes, clmul, mmxext, 3dnowpref, lzcnt, sse4a, tsc, tscinvbit, tscinv, bmi1

Memory: 4k page, physical 12580056k(3466772k free), swap 13628632k(73804k free)

vm_info: Java HotSpot(TM) 64-Bit Server VM (25.92-b14) for windows-amd64 JRE (1.8.0_92-b14), built on Mar 31 2016 21:03:04 by "java_re" with MS VC++ 10.0 (VS2010)

time: Thu Oct 06 11:10:55 2016
elapsed time: 0 seconds (0d 0h 0m 0s)

